Fri, 12 May 2017 18:52:46 zk.py[line:16] WARNING 10.0.1.136:4370
Fri, 12 May 2017 18:53:03 select_connection.py[line:137] DEBUG Using SelectPoller
Fri, 12 May 2017 18:53:03 callback.py[line:164] DEBUG Added: {'callback': <bound method _CallbackResult.set_value_once of <pika.adapters.blocking_connection._CallbackResult object at 0x0000000003907408>>, 'only': None, 'one_shot': False, 'arguments': None}
Fri, 12 May 2017 18:53:03 callback.py[line:164] DEBUG Added: {'callback': <bound method _CallbackResult.set_value_once of <pika.adapters.blocking_connection._CallbackResult object at 0x00000000039073C8>>, 'only': None, 'one_shot': False, 'arguments': None}
Fri, 12 May 2017 18:53:03 callback.py[line:164] DEBUG Added: {'callback': <bound method _CallbackResult.set_value_once of <pika.adapters.blocking_connection._CallbackResult object at 0x0000000003919408>>, 'only': None, 'one_shot': False, 'arguments': None}
Fri, 12 May 2017 18:53:03 callback.py[line:164] DEBUG Added: {'callback': <bound method SelectConnection._on_connection_start of <pika.adapters.select_connection.SelectConnection object at 0x000000000393E828>>, 'only': None, 'one_shot': True, 'arguments': None, 'calls': 1}
Fri, 12 May 2017 18:53:03 base_connection.py[line:212] INFO Connecting to 127.0.0.1:5672
Fri, 12 May 2017 18:53:03 callback.py[line:220] DEBUG Processing 0:Connection.Start
Fri, 12 May 2017 18:53:03 callback.py[line:404] DEBUG Processing use of oneshot callback
Fri, 12 May 2017 18:53:03 callback.py[line:406] DEBUG 0 registered uses left
Fri, 12 May 2017 18:53:03 callback.py[line:269] DEBUG Removing callback #0: {'callback': <bound method SelectConnection._on_connection_start of <pika.adapters.select_connection.SelectConnection object at 0x000000000393E828>>, 'only': None, 'one_shot': True, 'arguments': None, 'calls': 0}
Fri, 12 May 2017 18:53:03 callback.py[line:234] DEBUG Calling <bound method SelectConnection._on_connection_start of <pika.adapters.select_connection.SelectConnection object at 0x000000000393E828>> for "0:Connection.Start"
Fri, 12 May 2017 18:53:03 callback.py[line:164] DEBUG Added: {'callback': <bound method SelectConnection._on_connection_tune of <pika.adapters.select_connection.SelectConnection object at 0x000000000393E828>>, 'only': None, 'one_shot': True, 'arguments': None, 'calls': 1}
Fri, 12 May 2017 18:53:03 callback.py[line:220] DEBUG Processing 0:Connection.Tune
Fri, 12 May 2017 18:53:03 callback.py[line:404] DEBUG Processing use of oneshot callback
Fri, 12 May 2017 18:53:03 callback.py[line:406] DEBUG 0 registered uses left
Fri, 12 May 2017 18:53:03 callback.py[line:269] DEBUG Removing callback #0: {'callback': <bound method SelectConnection._on_connection_tune of <pika.adapters.select_connection.SelectConnection object at 0x000000000393E828>>, 'only': None, 'one_shot': True, 'arguments': None, 'calls': 0}
Fri, 12 May 2017 18:53:03 callback.py[line:234] DEBUG Calling <bound method SelectConnection._on_connection_tune of <pika.adapters.select_connection.SelectConnection object at 0x000000000393E828>> for "0:Connection.Tune"
Fri, 12 May 2017 18:53:03 connection.py[line:1003] DEBUG Creating a HeartbeatChecker: 580
Fri, 12 May 2017 18:53:03 callback.py[line:164] DEBUG Added: {'callback': <bound method SelectConnection._on_connection_open of <pika.adapters.select_connection.SelectConnection object at 0x000000000393E828>>, 'only': None, 'one_shot': True, 'arguments': None, 'calls': 1}
Fri, 12 May 2017 18:53:03 callback.py[line:220] DEBUG Processing 0:Connection.OpenOk
Fri, 12 May 2017 18:53:03 callback.py[line:404] DEBUG Processing use of oneshot callback
Fri, 12 May 2017 18:53:03 callback.py[line:406] DEBUG 0 registered uses left
Fri, 12 May 2017 18:53:03 callback.py[line:269] DEBUG Removing callback #0: {'callback': <bound method SelectConnection._on_connection_open of <pika.adapters.select_connection.SelectConnection object at 0x000000000393E828>>, 'only': None, 'one_shot': True, 'arguments': None, 'calls': 0}
Fri, 12 May 2017 18:53:03 callback.py[line:234] DEBUG Calling <bound method SelectConnection._on_connection_open of <pika.adapters.select_connection.SelectConnection object at 0x000000000393E828>> for "0:Connection.OpenOk"
Fri, 12 May 2017 18:53:03 callback.py[line:164] DEBUG Added: {'callback': <bound method SelectConnection._on_connection_closed of <pika.adapters.select_connection.SelectConnection object at 0x000000000393E828>>, 'only': None, 'one_shot': True, 'arguments': None, 'calls': 1}
Fri, 12 May 2017 18:53:03 callback.py[line:220] DEBUG Processing 0:_on_connection_open
Fri, 12 May 2017 18:53:03 callback.py[line:234] DEBUG Calling <bound method _CallbackResult.set_value_once of <pika.adapters.blocking_connection._CallbackResult object at 0x00000000039073C8>> for "0:_on_connection_open"
Fri, 12 May 2017 18:53:03 connection.py[line:991] DEBUG Creating channel 1
Fri, 12 May 2017 18:53:03 callback.py[line:164] DEBUG Added: {'callback': <bound method SelectConnection._on_channel_cleanup of <pika.adapters.select_connection.SelectConnection object at 0x000000000393E828>>, 'only': <pika.channel.Channel object at 0x00000000030292E8>, 'one_shot': True, 'arguments': None, 'calls': 1}
Fri, 12 May 2017 18:53:03 callback.py[line:164] DEBUG Added: {'callback': <bound method Channel._on_getempty of <pika.channel.Channel object at 0x00000000030292E8>>, 'only': None, 'one_shot': False, 'arguments': None}
Fri, 12 May 2017 18:53:03 callback.py[line:164] DEBUG Added: {'callback': <bound method Channel._on_cancel of <pika.channel.Channel object at 0x00000000030292E8>>, 'only': None, 'one_shot': False, 'arguments': None}
Fri, 12 May 2017 18:53:03 callback.py[line:164] DEBUG Added: {'callback': <bound method Channel._on_flow of <pika.channel.Channel object at 0x00000000030292E8>>, 'only': None, 'one_shot': False, 'arguments': None}
Fri, 12 May 2017 18:53:03 callback.py[line:164] DEBUG Added: {'callback': <bound method Channel._on_close of <pika.channel.Channel object at 0x00000000030292E8>>, 'only': None, 'one_shot': True, 'arguments': None, 'calls': 1}
Fri, 12 May 2017 18:53:03 channel.py[line:1130] DEBUG Adding in on_synchronous_complete callback
Fri, 12 May 2017 18:53:03 callback.py[line:164] DEBUG Added: {'callback': <bound method Channel._on_synchronous_complete of <pika.channel.Channel object at 0x00000000030292E8>>, 'only': None, 'one_shot': True, 'arguments': None, 'calls': 1}
Fri, 12 May 2017 18:53:03 channel.py[line:1135] DEBUG Adding passed in callback
Fri, 12 May 2017 18:53:03 callback.py[line:164] DEBUG Added: {'callback': <bound method Channel._on_openok of <pika.channel.Channel object at 0x00000000030292E8>>, 'only': None, 'one_shot': True, 'arguments': None, 'calls': 1}
Fri, 12 May 2017 18:53:03 callback.py[line:164] DEBUG Added: {'callback': <bound method BlockingChannel._on_consumer_cancelled_by_broker of <pika.adapters.blocking_connection.BlockingChannel object at 0x000000000393EB70>>, 'only': None, 'one_shot': False, 'arguments': None}
Fri, 12 May 2017 18:53:03 callback.py[line:164] DEBUG Added: {'callback': <bound method _CallbackResult.signal_once of <pika.adapters.blocking_connection._CallbackResult object at 0x00000000039CA788>>, 'only': None, 'one_shot': False, 'arguments': None}
Fri, 12 May 2017 18:53:03 callback.py[line:164] DEBUG Added: {'callback': <bound method _CallbackResult.set_value_once of <pika.adapters.blocking_connection._CallbackResult object at 0x00000000039CA7C8>>, 'only': None, 'one_shot': True, 'arguments': None, 'calls': 1}
Fri, 12 May 2017 18:53:03 callback.py[line:164] DEBUG Added: {'callback': <bound method _CallbackResult.set_value_once of <pika.adapters.blocking_connection._CallbackResult object at 0x00000000039CA808>>, 'only': None, 'one_shot': False, 'arguments': None}
Fri, 12 May 2017 18:53:03 blocking_connection.py[line:1099] INFO Created channel=1
Fri, 12 May 2017 18:53:03 callback.py[line:220] DEBUG Processing 1:Channel.OpenOk
Fri, 12 May 2017 18:53:03 callback.py[line:404] DEBUG Processing use of oneshot callback
Fri, 12 May 2017 18:53:03 callback.py[line:406] DEBUG 0 registered uses left
Fri, 12 May 2017 18:53:03 callback.py[line:269] DEBUG Removing callback #0: {'callback': <bound method Channel._on_synchronous_complete of <pika.channel.Channel object at 0x00000000030292E8>>, 'only': None, 'one_shot': True, 'arguments': None, 'calls': 0}
Fri, 12 May 2017 18:53:03 callback.py[line:404] DEBUG Processing use of oneshot callback
Fri, 12 May 2017 18:53:03 callback.py[line:406] DEBUG 0 registered uses left
Fri, 12 May 2017 18:53:03 callback.py[line:269] DEBUG Removing callback #0: {'callback': <bound method Channel._on_openok of <pika.channel.Channel object at 0x00000000030292E8>>, 'only': None, 'one_shot': True, 'arguments': None, 'calls': 0}
Fri, 12 May 2017 18:53:03 callback.py[line:234] DEBUG Calling <bound method Channel._on_synchronous_complete of <pika.channel.Channel object at 0x00000000030292E8>> for "1:Channel.OpenOk"
Fri, 12 May 2017 18:53:03 channel.py[line:1088] DEBUG 0 blocked frames
Fri, 12 May 2017 18:53:03 callback.py[line:234] DEBUG Calling <bound method Channel._on_openok of <pika.channel.Channel object at 0x00000000030292E8>> for "1:Channel.OpenOk"
Fri, 12 May 2017 18:53:03 channel.py[line:1130] DEBUG Adding in on_synchronous_complete callback
Fri, 12 May 2017 18:53:03 callback.py[line:164] DEBUG Added: {'callback': <bound method Channel._on_synchronous_complete of <pika.channel.Channel object at 0x00000000030292E8>>, 'only': None, 'one_shot': True, 'arguments': {'queue': 'zk1'}, 'calls': 1}
Fri, 12 May 2017 18:53:03 channel.py[line:1135] DEBUG Adding passed in callback
Fri, 12 May 2017 18:53:03 callback.py[line:164] DEBUG Added: {'callback': <bound method _CallbackResult.set_value_once of <pika.adapters.blocking_connection._CallbackResult object at 0x00000000039CAC08>>, 'only': None, 'one_shot': True, 'arguments': {'queue': 'zk1'}, 'calls': 1}
Fri, 12 May 2017 18:53:03 callback.py[line:220] DEBUG Processing 1:Queue.DeclareOk
Fri, 12 May 2017 18:53:03 callback.py[line:404] DEBUG Processing use of oneshot callback
Fri, 12 May 2017 18:53:03 callback.py[line:406] DEBUG 0 registered uses left
Fri, 12 May 2017 18:53:03 callback.py[line:350] DEBUG Comparing {'queue': 'zk1'} to {'queue': 'zk1'}
Fri, 12 May 2017 18:53:03 callback.py[line:269] DEBUG Removing callback #0: {'callback': <bound method Channel._on_synchronous_complete of <pika.channel.Channel object at 0x00000000030292E8>>, 'only': None, 'one_shot': True, 'arguments': {'queue': 'zk1'}, 'calls': 0}
Fri, 12 May 2017 18:53:03 callback.py[line:404] DEBUG Processing use of oneshot callback
Fri, 12 May 2017 18:53:03 callback.py[line:406] DEBUG 0 registered uses left
Fri, 12 May 2017 18:53:03 callback.py[line:350] DEBUG Comparing {'queue': 'zk1'} to {'queue': 'zk1'}
Fri, 12 May 2017 18:53:03 callback.py[line:269] DEBUG Removing callback #0: {'callback': <bound method _CallbackResult.set_value_once of <pika.adapters.blocking_connection._CallbackResult object at 0x00000000039CAC08>>, 'only': None, 'one_shot': True, 'arguments': {'queue': 'zk1'}, 'calls': 0}
Fri, 12 May 2017 18:53:03 callback.py[line:234] DEBUG Calling <bound method Channel._on_synchronous_complete of <pika.channel.Channel object at 0x00000000030292E8>> for "1:Queue.DeclareOk"
Fri, 12 May 2017 18:53:03 channel.py[line:1088] DEBUG 0 blocked frames
Fri, 12 May 2017 18:53:03 callback.py[line:234] DEBUG Calling <bound method _CallbackResult.set_value_once of <pika.adapters.blocking_connection._CallbackResult object at 0x00000000039CAC08>> for "1:Queue.DeclareOk"
Fri, 12 May 2017 18:53:03 channel.py[line:1130] DEBUG Adding in on_synchronous_complete callback
Fri, 12 May 2017 18:53:03 callback.py[line:164] DEBUG Added: {'callback': <bound method Channel._on_synchronous_complete of <pika.channel.Channel object at 0x00000000030292E8>>, 'only': None, 'one_shot': True, 'arguments': {'consumer_tag': 'ctag1.cdbd63b728f6437e80dfb12dbac06ac4'}, 'calls': 1}
Fri, 12 May 2017 18:53:03 channel.py[line:1135] DEBUG Adding passed in callback
Fri, 12 May 2017 18:53:03 callback.py[line:164] DEBUG Added: {'callback': <bound method Channel._on_eventok of <pika.channel.Channel object at 0x00000000030292E8>>, 'only': None, 'one_shot': True, 'arguments': {'consumer_tag': 'ctag1.cdbd63b728f6437e80dfb12dbac06ac4'}, 'calls': 1}
Fri, 12 May 2017 18:53:03 callback.py[line:220] DEBUG Processing 1:Basic.ConsumeOk
Fri, 12 May 2017 18:53:03 callback.py[line:404] DEBUG Processing use of oneshot callback
Fri, 12 May 2017 18:53:03 callback.py[line:406] DEBUG 0 registered uses left
Fri, 12 May 2017 18:53:03 callback.py[line:350] DEBUG Comparing {'consumer_tag': 'ctag1.cdbd63b728f6437e80dfb12dbac06ac4'} to {'consumer_tag': 'ctag1.cdbd63b728f6437e80dfb12dbac06ac4'}
Fri, 12 May 2017 18:53:03 callback.py[line:269] DEBUG Removing callback #1: {'callback': <bound method Channel._on_synchronous_complete of <pika.channel.Channel object at 0x00000000030292E8>>, 'only': None, 'one_shot': True, 'arguments': {'consumer_tag': 'ctag1.cdbd63b728f6437e80dfb12dbac06ac4'}, 'calls': 0}
Fri, 12 May 2017 18:53:03 callback.py[line:404] DEBUG Processing use of oneshot callback
Fri, 12 May 2017 18:53:03 callback.py[line:406] DEBUG 0 registered uses left
Fri, 12 May 2017 18:53:03 callback.py[line:350] DEBUG Comparing {'consumer_tag': 'ctag1.cdbd63b728f6437e80dfb12dbac06ac4'} to {'consumer_tag': 'ctag1.cdbd63b728f6437e80dfb12dbac06ac4'}
Fri, 12 May 2017 18:53:03 callback.py[line:269] DEBUG Removing callback #1: {'callback': <bound method Channel._on_eventok of <pika.channel.Channel object at 0x00000000030292E8>>, 'only': None, 'one_shot': True, 'arguments': {'consumer_tag': 'ctag1.cdbd63b728f6437e80dfb12dbac06ac4'}, 'calls': 0}
Fri, 12 May 2017 18:53:03 callback.py[line:234] DEBUG Calling <bound method _CallbackResult.signal_once of <pika.adapters.blocking_connection._CallbackResult object at 0x00000000039CA788>> for "1:Basic.ConsumeOk"
Fri, 12 May 2017 18:53:03 callback.py[line:234] DEBUG Calling <bound method Channel._on_synchronous_complete of <pika.channel.Channel object at 0x00000000030292E8>> for "1:Basic.ConsumeOk"
Fri, 12 May 2017 18:53:03 channel.py[line:1088] DEBUG 0 blocked frames
Fri, 12 May 2017 18:53:03 callback.py[line:234] DEBUG Calling <bound method Channel._on_eventok of <pika.channel.Channel object at 0x00000000030292E8>> for "1:Basic.ConsumeOk"
Fri, 12 May 2017 18:53:03 channel.py[line:993] DEBUG Discarding frame <METHOD(['channel_number=1', 'frame_type=1', "method=<Basic.ConsumeOk(['consumer_tag=ctag1.cdbd63b728f6437e80dfb12dbac06ac4'])>"])>
Fri, 12 May 2017 18:53:03 DeviceManager.py[line:52] WARNING waiting for msg .
Fri, 12 May 2017 18:53:03 zk.py[line:34] WARNING {822083584: '', 959525937: '\xa1\xb4\x15\x01', 14132: ''}
